This is pdfTeX, Version 3.1415926-1.40.10 (TeX Live 2009/Debian) (format=pdflatex 2014.1.22)  18 SEP 2014 19:42
entering extended mode
 %&-line parsing enabled.
**lab_report.tex
(./lab_report.tex
LaTeX2e <2009/09/24>
Babel <v3.8l> and hyphenation patterns for english, usenglishmax, dumylang, noh
yphenation, loaded.
(/usr/share/texmf-texlive/tex/latex/base/article.cls
Document Class: article 2007/10/19 v1.4h Standard LaTeX document class
(/usr/share/texmf-texlive/tex/latex/base/size12.clo
File: size12.clo 2007/10/19 v1.4h Standard LaTeX file (size option)
)
\c@part=\count79
\c@section=\count80
\c@subsection=\count81
\c@subsubsection=\count82
\c@paragraph=\count83
\c@subparagraph=\count84
\c@figure=\count85
\c@table=\count86
\abovecaptionskip=\skip41
\belowcaptionskip=\skip42
\bibindent=\dimen102
)
(/usr/share/texmf-texlive/tex/generic/babel/babel.sty
Package: babel 2008/07/06 v3.8l The Babel package

(/usr/share/texmf-texlive/tex/generic/babel/germanb.ldf
Language: germanb 2008/06/01 v2.6m German support from the babel system

(/usr/share/texmf-texlive/tex/generic/babel/babel.def
File: babel.def 2008/07/06 v3.8l Babel common definitions
\babel@savecnt=\count87
\U@D=\dimen103
)

Package babel Warning: No hyphenation patterns were loaded for
(babel)                the language `German'
(babel)                I will use the patterns loaded for \language=0 instead.

\l@german = a dialect from \language0
\l@austrian = a dialect from \language\l@german 
Package babel Info: Making " an active character on input line 102.
)) (/usr/share/texmf-texlive/tex/latex/graphics/graphicx.sty
Package: graphicx 1999/02/16 v1.0f Enhanced LaTeX Graphics (DPC,SPQR)

(/usr/share/texmf-texlive/tex/latex/graphics/keyval.sty
Package: keyval 1999/03/16 v1.13 key=value parser (DPC)
\KV@toks@=\toks14
)
(/usr/share/texmf-texlive/tex/latex/graphics/graphics.sty
Package: graphics 2009/02/05 v1.0o Standard LaTeX Graphics (DPC,SPQR)

(/usr/share/texmf-texlive/tex/latex/graphics/trig.sty
Package: trig 1999/03/16 v1.09 sin cos tan (DPC)
)
(/etc/texmf/tex/latex/config/graphics.cfg
File: graphics.cfg 2009/08/28 v1.8 graphics configuration of TeX Live
)
Package graphics Info: Driver file: pdftex.def on input line 91.

(/usr/share/texmf-texlive/tex/latex/pdftex-def/pdftex.def
File: pdftex.def 2010/03/12 v0.04p Graphics/color for pdfTeX
\Gread@gobject=\count88
))
\Gin@req@height=\dimen104
\Gin@req@width=\dimen105
) (./lab_report.aux)
\openout1 = `lab_report.aux'.

LaTeX Font Info:    Checking defaults for OML/cmm/m/it on input line 6.
LaTeX Font Info:    ... okay on input line 6.
LaTeX Font Info:    Checking defaults for T1/cmr/m/n on input line 6.
LaTeX Font Info:    ... okay on input line 6.
LaTeX Font Info:    Checking defaults for OT1/cmr/m/n on input line 6.
LaTeX Font Info:    ... okay on input line 6.
LaTeX Font Info:    Checking defaults for OMS/cmsy/m/n on input line 6.
LaTeX Font Info:    ... okay on input line 6.
LaTeX Font Info:    Checking defaults for OMX/cmex/m/n on input line 6.
LaTeX Font Info:    ... okay on input line 6.
LaTeX Font Info:    Checking defaults for U/cmr/m/n on input line 6.
LaTeX Font Info:    ... okay on input line 6.
(/usr/share/texmf-texlive/tex/context/base/supp-pdf.mkii
[Loading MPS to PDF converter (version 2006.09.02).]
\scratchcounter=\count89
\scratchdimen=\dimen106
\scratchbox=\box26
\nofMPsegments=\count90
\nofMParguments=\count91
\everyMPshowfont=\toks15
\MPscratchCnt=\count92
\MPscratchDim=\dimen107
\MPnumerator=\count93
\everyMPtoPDFconversion=\toks16
)
LaTeX Font Info:    External font `cmex10' loaded for size
(Font)              <14.4> on input line 15.
LaTeX Font Info:    External font `cmex10' loaded for size
(Font)              <7> on input line 15.
 [1

{/var/lib/texmf/fonts/map/pdftex/updmap/pdftex.map}]
LaTeX Font Info:    External font `cmex10' loaded for size
(Font)              <12> on input line 22.
LaTeX Font Info:    External font `cmex10' loaded for size
(Font)              <8> on input line 22.
LaTeX Font Info:    External font `cmex10' loaded for size
(Font)              <6> on input line 22.
LaTeX Font Info:    External font `cmex10' loaded for size
(Font)              <5> on input line 22.
LaTeX Font Info:    Try loading font information for OMS+cmr on input line 26.

(/usr/share/texmf-texlive/tex/latex/base/omscmr.fd
File: omscmr.fd 1999/05/25 v2.5h Standard LaTeX font definitions
)
LaTeX Font Info:    Font shape `OMS/cmr/m/n' in size <12> not available
(Font)              Font shape `OMS/cmsy/m/n' tried instead on input line 26.
Missing character: There is no Ã in font cmr12!
Missing character: There is no ¶ in font cmr12!
Missing character: There is no Ã in font cmr12!
Missing character: There is no œ in font cmr12!
Missing character: There is no Ã in font cmr12!
Missing character: There is no Ÿ in font cmr12!
Missing character: There is no Ã in font cmr12!
Missing character: There is no Ÿ in font cmr12!

Overfull \hbox (22.54295pt too wide) in paragraph at lines 47--51
\OT1/cmr/m/n/12 Vision based lo-cal-iza-tion Lo-cal-ize w.r.t. start-ing point 
Lo-cal ac-cu-ra-cy/consistency
 []

<./Screens/t1_opt2_april.png, id=8, 929.72343pt x 684.30656pt>
File: ./Screens/t1_opt2_april.png Graphic file (type png)

<use ./Screens/t1_opt2_april.png> [1] [2 <./Screens/t1_opt2_april.png (PNG copy
)>] (./lab_report.aux) ) 
Here is how much of TeX's memory you used:
 1309 strings out of 495061
 16271 string characters out of 1182621
 69102 words of memory out of 3000000
 4518 multiletter control sequences out of 15000+50000
 8802 words of font info for 31 fonts, out of 3000000 for 9000
 28 hyphenation exceptions out of 8191
 25i,8n,24p,233b,224s stack positions out of 5000i,500n,10000p,200000b,50000s
</usr/share/texmf-texlive/fonts/type1/public/amsfonts/c
m/cmbx12.pfb></usr/share/texmf-texlive/fonts/type1/public/amsfonts/cm/cmcsc10.p
fb></usr/share/texmf-texlive/fonts/type1/public/amsfonts/cm/cmr10.pfb></usr/sha
re/texmf-texlive/fonts/type1/public/amsfonts/cm/cmr12.pfb></usr/share/texmf-tex
live/fonts/type1/public/amsfonts/cm/cmr17.pfb></usr/share/texmf-texlive/fonts/t
ype1/public/amsfonts/cm/cmr7.pfb></usr/share/texmf-texlive/fonts/type1/public/a
msfonts/cm/cmr8.pfb></usr/share/texmf-texlive/fonts/type1/public/amsfonts/cm/cm
sy10.pfb>
Output written on lab_report.pdf (3 pages, 240814 bytes).
PDF statistics:
 45 PDF objects out of 1000 (max. 8388607)
 0 named destinations out of 1000 (max. 500000)
 6 words of extra memory for PDF output out of 10000 (max. 10000000)

